# JRE version: Java(TM) SE Runtime Environment (19.0.2+7) (build 19.0.2+7-44)
# Java VM: Java HotSpot(TM) 64-Bit Server VM (19.0.2+7-44, mixed mode, sharing, tiered, compressed oops, compressed class ptrs, g1 gc, bsd-aarch64)
Heap:
 garbage-first heap   total 171008K, used 139802K [0x0000000780000000, 0x0000000800000000)
  region size 1024K, 8 young (8192K), 2 survivors (2048K)
 Metaspace       used 22879K, committed 23232K, reserved 1114112K
  class space    used 2724K, committed 2880K, reserved 1048576K
GC Heap History (20 events):
Event: 85.973 GC heap before
{Heap before GC invocations=12 (full 0):
 garbage-first heap   total 137216K, used 95980K [0x0000000780000000, 0x0000000800000000)
  region size 1024K, 28 young (28672K), 2 survivors (2048K)
 Metaspace       used 22808K, committed 23104K, reserved 1114112K
  class space    used 2723K, committed 2880K, reserved 1048576K
}
Event: 85.978 GC heap after
{Heap after GC invocations=13 (full 0):
 garbage-first heap   total 137216K, used 81469K [0x0000000780000000, 0x0000000800000000)
  region size 1024K, 4 young (4096K), 4 survivors (4096K)
 Metaspace       used 22808K, committed 23104K, reserved 1114112K
  class space    used 2723K, committed 2880K, reserved 1048576K
}
Event: 87.139 GC heap before
{Heap before GC invocations=14 (full 0):
 garbage-first heap   total 140288K, used 100925K [0x0000000780000000, 0x0000000800000000)
  region size 1024K, 23 young (23552K), 4 survivors (4096K)
 Metaspace       used 22808K, committed 23104K, reserved 1114112K
  class space    used 2723K, committed 2880K, reserved 1048576K
}
Event: 87.143 GC heap after
{Heap after GC invocations=15 (full 0):
 garbage-first heap   total 140288K, used 91104K [0x0000000780000000, 0x0000000800000000)
  region size 1024K, 3 young (3072K), 3 survivors (3072K)
 Metaspace       used 22808K, committed 23104K, reserved 1114112K
  class space    used 2723K, committed 2880K, reserved 1048576K
}
Event: 87.341 GC heap before
{Heap before GC invocations=15 (full 0):
 garbage-first heap   total 140288K, used 94176K [0x0000000780000000, 0x0000000800000000)
  region size 1024K, 6 young (6144K), 3 survivors (3072K)
 Metaspace       used 22808K, committed 23104K, reserved 1114112K
  class space    used 2723K, committed 2880K, reserved 1048576K
}
Event: 87.343 GC heap after
{Heap after GC invocations=16 (full 0):
 garbage-first heap   total 140288K, used 92775K [0x0000000780000000, 0x0000000800000000)
  region size 1024K, 1 young (1024K), 1 survivors (1024K)
 Metaspace       used 22808K, committed 23104K, reserved 1114112K
  class space    used 2723K, committed 2880K, reserved 1048576K
}
Event: 88.346 GC heap before
{Heap before GC invocations=16 (full 0):
 garbage-first heap   total 140288K, used 107111K [0x0000000780000000, 0x0000000800000000)
  region size 1024K, 15 young (15360K), 1 survivors (1024K)
 Metaspace       used 22808K, committed 23104K, reserved 1114112K
  class space    used 2723K, committed 2880K, reserved 1048576K
}
Event: 88.349 GC heap after
{Heap after GC invocations=17 (full 0):
 garbage-first heap   total 140288K, used 100026K [0x0000000780000000, 0x0000000800000000)
  region size 1024K, 2 young (2048K), 2 survivors (2048K)
 Metaspace       used 22808K, committed 23104K, reserved 1114112K
  class space    used 2723K, committed 2880K, reserved 1048576K
}
Event: 89.045 GC heap before
{Heap before GC invocations=18 (full 0):
 garbage-first heap   total 171008K, used 109242K [0x0000000780000000, 0x0000000800000000)
  region size 1024K, 11 young (11264K), 2 survivors (2048K)
 Metaspace       used 22808K, committed 23104K, reserved 1114112K
  class space    used 2723K, committed 2880K, reserved 1048576K
}
Event: 89.049 GC heap after
{Heap after GC invocations=19 (full 0):
 garbage-first heap   total 171008K, used 104781K [0x0000000780000000, 0x0000000800000000)
  region size 1024K, 2 young (2048K), 2 survivors (2048K)
 Metaspace       used 22808K, committed 23104K, reserved 1114112K
  class space    used 2723K, committed 2880K, reserved 1048576K
}
Event: 89.532 GC heap before
{Heap before GC invocations=19 (full 0):
 garbage-first heap   total 171008K, used 110925K [0x0000000780000000, 0x0000000800000000)
  region size 1024K, 8 young (8192K), 2 survivors (2048K)
 Metaspace       used 22808K, committed 23104K, reserved 1114112K
  class space    used 2723K, committed 2880K, reserved 1048576K
}
Event: 89.534 GC heap after
{Heap after GC invocations=20 (full 0):
 garbage-first heap   total 171008K, used 107072K [0x0000000780000000, 0x0000000800000000)
  region size 1024K, 1 young (1024K), 1 survivors (1024K)
 Metaspace       used 22808K, committed 23104K, reserved 1114112K
  class space    used 2723K, committed 2880K, reserved 1048576K
}
Event: 91.311 GC heap before
{Heap before GC invocations=20 (full 0):
 garbage-first heap   total 171008K, used 127552K [0x0000000780000000, 0x0000000800000000)
  region size 1024K, 21 young (21504K), 1 survivors (1024K)
 Metaspace       used 22808K, committed 23104K, reserved 1114112K
  class space    used 2723K, committed 2880K, reserved 1048576K
}
Event: 91.315 GC heap after
{Heap after GC invocations=21 (full 0):
 garbage-first heap   total 171008K, used 117029K [0x0000000780000000, 0x0000000800000000)
  region size 1024K, 3 young (3072K), 3 survivors (3072K)
 Metaspace       used 22808K, committed 23104K, reserved 1114112K
  class space    used 2723K, committed 2880K, reserved 1048576K
}
Event: 92.763 GC heap before
{Heap before GC invocations=21 (full 0):
 garbage-first heap   total 171008K, used 132389K [0x0000000780000000, 0x0000000800000000)
  region size 1024K, 18 young (18432K), 3 survivors (3072K)
 Metaspace       used 22808K, committed 23104K, reserved 1114112K
  class space    used 2723K, committed 2880K, reserved 1048576K
}
Event: 92.767 GC heap after
{Heap after GC invocations=22 (full 0):
 garbage-first heap   total 171008K, used 124767K [0x0000000780000000, 0x0000000800000000)
  region size 1024K, 3 young (3072K), 3 survivors (3072K)
 Metaspace       used 22808K, committed 23104K, reserved 1114112K
  class space    used 2723K, committed 2880K, reserved 1048576K
}
Event: 94.001 GC heap before
{Heap before GC invocations=22 (full 0):
 garbage-first heap   total 171008K, used 137055K [0x0000000780000000, 0x0000000800000000)
  region size 1024K, 15 young (15360K), 3 survivors (3072K)
 Metaspace       used 22808K, committed 23104K, reserved 1114112K
  class space    used 2723K, committed 2880K, reserved 1048576K
}
Event: 94.004 GC heap after
{Heap after GC invocations=23 (full 0):
 garbage-first heap   total 171008K, used 131040K [0x0000000780000000, 0x0000000800000000)
  region size 1024K, 2 young (2048K), 2 survivors (2048K)
 Metaspace       used 22808K, committed 23104K, reserved 1114112K
  class space    used 2723K, committed 2880K, reserved 1048576K
}
Event: 94.426 GC heap before
{Heap before GC invocations=23 (full 0):
 garbage-first heap   total 171008K, used 140256K [0x0000000780000000, 0x0000000800000000)
  region size 1024K, 11 young (11264K), 2 survivors (2048K)
 Metaspace       used 22879K, committed 23232K, reserved 1114112K
  class space    used 2724K, committed 2880K, reserved 1048576K
}
Event: 94.428 GC heap after
{Heap after GC invocations=24 (full 0):
 garbage-first heap   total 171008K, used 133768K [0x0000000780000000, 0x0000000800000000)
  region size 1024K, 2 young (2048K), 2 survivors (2048K)
 Metaspace       used 22879K, committed 23232K, reserved 1114112K
  class space    used 2724K, committed 2880K, reserved 1048576K
}

